{"/Volumes/Drive/filmytask/filmyapp/app.js": {"path":"/Volumes/Drive/filmytask/filmyapp/app.js","statementMap":{"0":{"start":{"line":1,"column":0},"end":{"line":1,"column":27}},"1":{"start":{"line":2,"column":18},"end":{"line":2,"column":40}},"2":{"start":{"line":3,"column":14},"end":{"line":3,"column":32}},"3":{"start":{"line":4,"column":13},"end":{"line":4,"column":30}},"4":{"start":{"line":5,"column":11},"end":{"line":5,"column":26}},"5":{"start":{"line":7,"column":19},"end":{"line":7,"column":43}},"6":{"start":{"line":8,"column":13},"end":{"line":8,"column":30}},"7":{"start":{"line":11,"column":18},"end":{"line":11,"column":43}},"8":{"start":{"line":12,"column":16},"end":{"line":12,"column":39}},"9":{"start":{"line":13,"column":17},"end":{"line":13,"column":36}},"10":{"start":{"line":14,"column":14},"end":{"line":14,"column":30}},"11":{"start":{"line":15,"column":13},"end":{"line":15,"column":28}},"12":{"start":{"line":17,"column":19},"end":{"line":17,"column":41}},"13":{"start":{"line":18,"column":10},"end":{"line":18,"column":19}},"14":{"start":{"line":19,"column":0},"end":{"line":19,"column":16}},"15":{"start":{"line":20,"column":0},"end":{"line":20,"column":18}},"16":{"start":{"line":21,"column":0},"end":{"line":21,"column":26}},"17":{"start":{"line":24,"column":0},"end":{"line":24,"column":48}},"18":{"start":{"line":25,"column":0},"end":{"line":25,"column":30}},"19":{"start":{"line":27,"column":0},"end":{"line":27,"column":23}},"20":{"start":{"line":28,"column":0},"end":{"line":28,"column":24}},"21":{"start":{"line":29,"column":0},"end":{"line":29,"column":48}},"22":{"start":{"line":30,"column":0},"end":{"line":30,"column":24}},"23":{"start":{"line":31,"column":0},"end":{"line":31,"column":56}},"24":{"start":{"line":33,"column":0},"end":{"line":33,"column":26}},"25":{"start":{"line":34,"column":0},"end":{"line":34,"column":27}},"26":{"start":{"line":42,"column":0},"end":{"line":42,"column":46}},"27":{"start":{"line":44,"column":0},"end":{"line":44,"column":34}},"28":{"start":{"line":45,"column":0},"end":{"line":49,"column":3}},"29":{"start":{"line":50,"column":0},"end":{"line":55,"column":3}},"30":{"start":{"line":51,"column":2},"end":{"line":53,"column":4}},"31":{"start":{"line":54,"column":2},"end":{"line":54,"column":17}},"32":{"start":{"line":59,"column":0},"end":{"line":59,"column":21}}},"fnMap":{"0":{"name":"(anonymous_0)","decl":{"start":{"line":50,"column":32},"end":{"line":50,"column":33}},"loc":{"start":{"line":50,"column":41},"end":{"line":55,"column":1}},"line":50}},"branchMap":{},"s":{"0":1,"1":1,"2":1,"3":1,"4":1,"5":1,"6":1,"7":1,"8":1,"9":1,"10":1,"11":1,"12":1,"13":1,"14":1,"15":1,"16":1,"17":1,"18":1,"19":1,"20":1,"21":1,"22":1,"23":1,"24":1,"25":1,"26":1,"27":1,"28":1,"29":1,"30":0,"31":0,"32":1},"f":{"0":0},"b":{},"_coverageSchema":"1a1c01bbd47fc00a2c39e90264f33305004495a9","hash":"130c8d9e533ee2bc846773ab7338d636b6c0d3c7"}
,"/Volumes/Drive/filmytask/filmyapp/configs/codeMsgs.js": {"path":"/Volumes/Drive/filmytask/filmyapp/configs/codeMsgs.js","statementMap":{"0":{"start":{"line":1,"column":0},"end":{"line":67,"column":1}}},"fnMap":{},"branchMap":{},"s":{"0":1},"f":{},"b":{},"_coverageSchema":"1a1c01bbd47fc00a2c39e90264f33305004495a9","hash":"11e65518d9f973f7064aec94e35cb8bacc09a60a"}
,"/Volumes/Drive/filmytask/filmyapp/configs/httpCodes.js": {"path":"/Volumes/Drive/filmytask/filmyapp/configs/httpCodes.js","statementMap":{"0":{"start":{"line":1,"column":0},"end":{"line":56,"column":1}}},"fnMap":{},"branchMap":{},"s":{"0":1},"f":{},"b":{},"_coverageSchema":"1a1c01bbd47fc00a2c39e90264f33305004495a9","hash":"58b33b72709313324a37fdfe3b4ff526503cf857"}
,"/Volumes/Drive/filmytask/filmyapp/configs/index.js": {"path":"/Volumes/Drive/filmytask/filmyapp/configs/index.js","statementMap":{"0":{"start":{"line":1,"column":0},"end":{"line":5,"column":1}}},"fnMap":{},"branchMap":{},"s":{"0":1},"f":{},"b":{},"_coverageSchema":"1a1c01bbd47fc00a2c39e90264f33305004495a9","hash":"7dc55fe846acb3a0f1592bfbbd8f121559e967b1"}
,"/Volumes/Drive/filmytask/filmyapp/configs/messages.js": {"path":"/Volumes/Drive/filmytask/filmyapp/configs/messages.js","statementMap":{"0":{"start":{"line":1,"column":0},"end":{"line":4,"column":2}}},"fnMap":{},"branchMap":{},"s":{"0":1},"f":{},"b":{},"_coverageSchema":"1a1c01bbd47fc00a2c39e90264f33305004495a9","hash":"680b5d757f3b426c6164ac25f7b93ffc5d8241a8"}
,"/Volumes/Drive/filmytask/filmyapp/hooks/verifyToken.js": {"path":"/Volumes/Drive/filmytask/filmyapp/hooks/verifyToken.js","statementMap":{"0":{"start":{"line":1,"column":29},"end":{"line":1,"column":50}},"1":{"start":{"line":2,"column":17},"end":{"line":2,"column":50}},"2":{"start":{"line":5,"column":21},"end":{"line":5,"column":53}},"3":{"start":{"line":8,"column":0},"end":{"line":35,"column":2}},"4":{"start":{"line":9,"column":2},"end":{"line":34,"column":3}},"5":{"start":{"line":13,"column":4},"end":{"line":17,"column":5}},"6":{"start":{"line":14,"column":8},"end":{"line":14,"column":64}},"7":{"start":{"line":16,"column":8},"end":{"line":16,"column":46}},"8":{"start":{"line":19,"column":4},"end":{"line":21,"column":5}},"9":{"start":{"line":20,"column":6},"end":{"line":20,"column":86}},"10":{"start":{"line":23,"column":21},"end":{"line":23,"column":71}},"11":{"start":{"line":25,"column":4},"end":{"line":30,"column":5}},"12":{"start":{"line":26,"column":6},"end":{"line":26,"column":32}},"13":{"start":{"line":27,"column":6},"end":{"line":27,"column":13}},"14":{"start":{"line":29,"column":6},"end":{"line":29,"column":86}},"15":{"start":{"line":32,"column":4},"end":{"line":32,"column":19}},"16":{"start":{"line":33,"column":4},"end":{"line":33,"column":56}}},"fnMap":{"0":{"name":"(anonymous_0)","decl":{"start":{"line":8,"column":17},"end":{"line":8,"column":18}},"loc":{"start":{"line":8,"column":43},"end":{"line":35,"column":1}},"line":8}},"branchMap":{"0":{"loc":{"start":{"line":13,"column":4},"end":{"line":17,"column":5}},"type":"if","locations":[{"start":{"line":13,"column":4},"end":{"line":17,"column":5}},{"start":{"line":13,"column":4},"end":{"line":17,"column":5}}],"line":13},"1":{"loc":{"start":{"line":19,"column":4},"end":{"line":21,"column":5}},"type":"if","locations":[{"start":{"line":19,"column":4},"end":{"line":21,"column":5}},{"start":{"line":19,"column":4},"end":{"line":21,"column":5}}],"line":19},"2":{"loc":{"start":{"line":25,"column":4},"end":{"line":30,"column":5}},"type":"if","locations":[{"start":{"line":25,"column":4},"end":{"line":30,"column":5}},{"start":{"line":25,"column":4},"end":{"line":30,"column":5}}],"line":25}},"s":{"0":1,"1":1,"2":1,"3":1,"4":0,"5":0,"6":0,"7":0,"8":0,"9":0,"10":0,"11":0,"12":0,"13":0,"14":0,"15":0,"16":0},"f":{"0":0},"b":{"0":[0,0],"1":[0,0],"2":[0,0]},"_coverageSchema":"1a1c01bbd47fc00a2c39e90264f33305004495a9","hash":"86c7fa61d925f665f787465ee69114ca2cd9d47d"}
,"/Volumes/Drive/filmytask/filmyapp/middleware/errorHandler.js": {"path":"/Volumes/Drive/filmytask/filmyapp/middleware/errorHandler.js","statementMap":{"0":{"start":{"line":1,"column":28},"end":{"line":1,"column":49}},"1":{"start":{"line":4,"column":0},"end":{"line":35,"column":2}},"2":{"start":{"line":5,"column":1},"end":{"line":5,"column":24}},"3":{"start":{"line":6,"column":14},"end":{"line":6,"column":43}},"4":{"start":{"line":7,"column":1},"end":{"line":10,"column":2}},"5":{"start":{"line":8,"column":2},"end":{"line":8,"column":30}},"6":{"start":{"line":9,"column":2},"end":{"line":9,"column":19}},"7":{"start":{"line":11,"column":1},"end":{"line":33,"column":2}},"8":{"start":{"line":13,"column":15},"end":{"line":16,"column":9}},"9":{"start":{"line":14,"column":4},"end":{"line":14,"column":56}},"10":{"start":{"line":15,"column":4},"end":{"line":15,"column":16}},"11":{"start":{"line":17,"column":13},"end":{"line":17,"column":89}},"12":{"start":{"line":18,"column":3},"end":{"line":18,"column":20}},"13":{"start":{"line":19,"column":3},"end":{"line":23,"column":6}},"14":{"start":{"line":27,"column":3},"end":{"line":30,"column":6}},"15":{"start":{"line":32,"column":3},"end":{"line":32,"column":9}}},"fnMap":{"0":{"name":"(anonymous_0)","decl":{"start":{"line":4,"column":17},"end":{"line":4,"column":18}},"loc":{"start":{"line":4,"column":42},"end":{"line":35,"column":1}},"line":4},"1":{"name":"(anonymous_1)","decl":{"start":{"line":13,"column":34},"end":{"line":13,"column":35}},"loc":{"start":{"line":13,"column":50},"end":{"line":16,"column":4}},"line":13}},"branchMap":{"0":{"loc":{"start":{"line":6,"column":14},"end":{"line":6,"column":43}},"type":"cond-expr","locations":[{"start":{"line":6,"column":27},"end":{"line":6,"column":37}},{"start":{"line":6,"column":40},"end":{"line":6,"column":43}}],"line":6},"1":{"loc":{"start":{"line":7,"column":1},"end":{"line":10,"column":2}},"type":"if","locations":[{"start":{"line":7,"column":1},"end":{"line":10,"column":2}},{"start":{"line":7,"column":1},"end":{"line":10,"column":2}}],"line":7},"2":{"loc":{"start":{"line":11,"column":1},"end":{"line":33,"column":2}},"type":"switch","locations":[{"start":{"line":12,"column":2},"end":{"line":24,"column":3}},{"start":{"line":26,"column":2},"end":{"line":32,"column":9}}],"line":11},"3":{"loc":{"start":{"line":17,"column":13},"end":{"line":17,"column":89}},"type":"cond-expr","locations":[{"start":{"line":17,"column":43},"end":{"line":17,"column":74}},{"start":{"line":17,"column":77},"end":{"line":17,"column":89}}],"line":17},"4":{"loc":{"start":{"line":27,"column":21},"end":{"line":27,"column":38}},"type":"binary-expr","locations":[{"start":{"line":27,"column":21},"end":{"line":27,"column":31}},{"start":{"line":27,"column":35},"end":{"line":27,"column":38}}],"line":27}},"s":{"0":1,"1":1,"2":0,"3":0,"4":0,"5":0,"6":0,"7":0,"8":0,"9":0,"10":0,"11":0,"12":0,"13":0,"14":0,"15":0},"f":{"0":0,"1":0},"b":{"0":[0,0],"1":[0,0],"2":[0,0],"3":[0,0],"4":[0,0]},"_coverageSchema":"1a1c01bbd47fc00a2c39e90264f33305004495a9","hash":"c1bb444da20869602865a8bf39ed5a872e2e2bd4"}
,"/Volumes/Drive/filmytask/filmyapp/models/movie.js": {"path":"/Volumes/Drive/filmytask/filmyapp/models/movie.js","statementMap":{"0":{"start":{"line":1,"column":15},"end":{"line":1,"column":34}},"1":{"start":{"line":2,"column":13},"end":{"line":2,"column":28}},"2":{"start":{"line":3,"column":11},"end":{"line":3,"column":45}},"3":{"start":{"line":4,"column":0},"end":{"line":4,"column":22}},"4":{"start":{"line":6,"column":20},"end":{"line":22,"column":1}},"5":{"start":{"line":24,"column":14},"end":{"line":24,"column":50}},"6":{"start":{"line":26,"column":0},"end":{"line":26,"column":23}}},"fnMap":{},"branchMap":{},"s":{"0":1,"1":1,"2":1,"3":1,"4":1,"5":1,"6":1},"f":{},"b":{},"_coverageSchema":"1a1c01bbd47fc00a2c39e90264f33305004495a9","hash":"419dbef074d5aa9f3d73b28b3c47b4001941b231"}
,"/Volumes/Drive/filmytask/filmyapp/models/movieComments.js": {"path":"/Volumes/Drive/filmytask/filmyapp/models/movieComments.js","statementMap":{"0":{"start":{"line":1,"column":17},"end":{"line":1,"column":36}},"1":{"start":{"line":2,"column":13},"end":{"line":2,"column":28}},"2":{"start":{"line":4,"column":27},"end":{"line":13,"column":1}},"3":{"start":{"line":15,"column":14},"end":{"line":15,"column":65}},"4":{"start":{"line":16,"column":0},"end":{"line":16,"column":23}}},"fnMap":{},"branchMap":{},"s":{"0":1,"1":1,"2":1,"3":1,"4":1},"f":{},"b":{},"_coverageSchema":"1a1c01bbd47fc00a2c39e90264f33305004495a9","hash":"72d14790a1b2dab45a2a11209f41e0f427ac8ad1"}
,"/Volumes/Drive/filmytask/filmyapp/models/user.js": {"path":"/Volumes/Drive/filmytask/filmyapp/models/user.js","statementMap":{"0":{"start":{"line":1,"column":17},"end":{"line":1,"column":36}},"1":{"start":{"line":2,"column":13},"end":{"line":2,"column":28}},"2":{"start":{"line":3,"column":13},"end":{"line":3,"column":30}},"3":{"start":{"line":5,"column":19},"end":{"line":15,"column":1}},"4":{"start":{"line":18,"column":0},"end":{"line":20,"column":2}},"5":{"start":{"line":19,"column":4},"end":{"line":19,"column":66}},"6":{"start":{"line":23,"column":0},"end":{"line":26,"column":2}},"7":{"start":{"line":24,"column":19},"end":{"line":24,"column":23}},"8":{"start":{"line":25,"column":4},"end":{"line":25,"column":59}},"9":{"start":{"line":28,"column":0},"end":{"line":28,"column":52}}},"fnMap":{"0":{"name":"(anonymous_0)","decl":{"start":{"line":18,"column":34},"end":{"line":18,"column":35}},"loc":{"start":{"line":18,"column":54},"end":{"line":20,"column":1}},"line":18},"1":{"name":"(anonymous_1)","decl":{"start":{"line":23,"column":38},"end":{"line":23,"column":39}},"loc":{"start":{"line":23,"column":58},"end":{"line":26,"column":1}},"line":23}},"branchMap":{},"s":{"0":1,"1":1,"2":1,"3":1,"4":1,"5":0,"6":1,"7":0,"8":0,"9":1},"f":{"0":0,"1":0},"b":{},"_coverageSchema":"1a1c01bbd47fc00a2c39e90264f33305004495a9","hash":"8bfba92a379625108d4f4fcb187fb6cecff4ae74"}
,"/Volumes/Drive/filmytask/filmyapp/responses/responses.js": {"path":"/Volumes/Drive/filmytask/filmyapp/responses/responses.js","statementMap":{"0":{"start":{"line":1,"column":23},"end":{"line":1,"column":54}},"1":{"start":{"line":2,"column":21},"end":{"line":2,"column":42}},"2":{"start":{"line":9,"column":4},"end":{"line":13,"column":7}},"3":{"start":{"line":18,"column":4},"end":{"line":22,"column":7}},"4":{"start":{"line":28,"column":4},"end":{"line":28,"column":76}},"5":{"start":{"line":29,"column":4},"end":{"line":32,"column":7}},"6":{"start":{"line":37,"column":16},"end":{"line":40,"column":10}},"7":{"start":{"line":38,"column":6},"end":{"line":38,"column":58}},"8":{"start":{"line":39,"column":6},"end":{"line":39,"column":18}},"9":{"start":{"line":41,"column":18},"end":{"line":41,"column":31}},"10":{"start":{"line":43,"column":17},"end":{"line":43,"column":48}},"11":{"start":{"line":45,"column":4},"end":{"line":49,"column":7}},"12":{"start":{"line":53,"column":16},"end":{"line":56,"column":10}},"13":{"start":{"line":55,"column":6},"end":{"line":55,"column":44}},"14":{"start":{"line":57,"column":18},"end":{"line":57,"column":23}},"15":{"start":{"line":58,"column":17},"end":{"line":58,"column":40}},"16":{"start":{"line":60,"column":4},"end":{"line":64,"column":7}},"17":{"start":{"line":70,"column":0},"end":{"line":70,"column":32}}},"fnMap":{"0":{"name":"(anonymous_0)","decl":{"start":{"line":7,"column":2},"end":{"line":7,"column":3}},"loc":{"start":{"line":7,"column":62},"end":{"line":14,"column":3}},"line":7},"1":{"name":"(anonymous_1)","decl":{"start":{"line":16,"column":2},"end":{"line":16,"column":3}},"loc":{"start":{"line":16,"column":42},"end":{"line":23,"column":3}},"line":16},"2":{"name":"(anonymous_2)","decl":{"start":{"line":26,"column":2},"end":{"line":26,"column":3}},"loc":{"start":{"line":26,"column":36},"end":{"line":33,"column":3}},"line":26},"3":{"name":"(anonymous_3)","decl":{"start":{"line":35,"column":2},"end":{"line":35,"column":3}},"loc":{"start":{"line":35,"column":27},"end":{"line":50,"column":3}},"line":35},"4":{"name":"(anonymous_4)","decl":{"start":{"line":37,"column":35},"end":{"line":37,"column":36}},"loc":{"start":{"line":37,"column":51},"end":{"line":40,"column":5}},"line":37},"5":{"name":"(anonymous_5)","decl":{"start":{"line":51,"column":2},"end":{"line":51,"column":3}},"loc":{"start":{"line":51,"column":33},"end":{"line":65,"column":3}},"line":51},"6":{"name":"(anonymous_6)","decl":{"start":{"line":53,"column":35},"end":{"line":53,"column":36}},"loc":{"start":{"line":53,"column":51},"end":{"line":56,"column":5}},"line":53}},"branchMap":{"0":{"loc":{"start":{"line":7,"column":28},"end":{"line":7,"column":39}},"type":"default-arg","locations":[{"start":{"line":7,"column":35},"end":{"line":7,"column":39}}],"line":7},"1":{"loc":{"start":{"line":7,"column":41},"end":{"line":7,"column":60}},"type":"default-arg","locations":[{"start":{"line":7,"column":51},"end":{"line":7,"column":60}}],"line":7},"2":{"loc":{"start":{"line":28,"column":14},"end":{"line":28,"column":76}},"type":"cond-expr","locations":[{"start":{"line":28,"column":33},"end":{"line":28,"column":49}},{"start":{"line":28,"column":52},"end":{"line":28,"column":76}}],"line":28}},"s":{"0":1,"1":1,"2":1,"3":0,"4":0,"5":0,"6":0,"7":0,"8":0,"9":0,"10":0,"11":0,"12":0,"13":0,"14":0,"15":0,"16":0,"17":1},"f":{"0":1,"1":0,"2":0,"3":0,"4":0,"5":0,"6":0},"b":{"0":[0],"1":[0],"2":[0,0]},"_coverageSchema":"1a1c01bbd47fc00a2c39e90264f33305004495a9","hash":"fcf2a025955f507265f0ee53c069aa04221c3227"}
,"/Volumes/Drive/filmytask/filmyapp/routes/api.js": {"path":"/Volumes/Drive/filmytask/filmyapp/routes/api.js","statementMap":{"0":{"start":{"line":1,"column":14},"end":{"line":1,"column":32}},"1":{"start":{"line":2,"column":13},"end":{"line":2,"column":29}},"2":{"start":{"line":3,"column":11},"end":{"line":3,"column":26}},"3":{"start":{"line":4,"column":12},"end":{"line":4,"column":26}},"4":{"start":{"line":5,"column":10},"end":{"line":5,"column":27}},"5":{"start":{"line":6,"column":52},"end":{"line":6,"column":89}},"6":{"start":{"line":7,"column":17},"end":{"line":7,"column":50}},"7":{"start":{"line":8,"column":29},"end":{"line":8,"column":50}},"8":{"start":{"line":9,"column":23},"end":{"line":9,"column":50}},"9":{"start":{"line":10,"column":19},"end":{"line":10,"column":45}},"10":{"start":{"line":11,"column":27},"end":{"line":11,"column":61}},"11":{"start":{"line":12,"column":18},"end":{"line":12,"column":43}},"12":{"start":{"line":13,"column":25},"end":{"line":13,"column":40}},"13":{"start":{"line":14,"column":20},"end":{"line":14,"column":51}},"14":{"start":{"line":15,"column":20},"end":{"line":15,"column":51}},"15":{"start":{"line":28,"column":0},"end":{"line":42,"column":3}},"16":{"start":{"line":29,"column":2},"end":{"line":41,"column":3}},"17":{"start":{"line":31,"column":4},"end":{"line":33,"column":5}},"18":{"start":{"line":32,"column":6},"end":{"line":32,"column":45}},"19":{"start":{"line":35,"column":22},"end":{"line":35,"column":55}},"20":{"start":{"line":37,"column":4},"end":{"line":37,"column":96}},"21":{"start":{"line":40,"column":4},"end":{"line":40,"column":129}},"22":{"start":{"line":45,"column":0},"end":{"line":65,"column":3}},"23":{"start":{"line":46,"column":2},"end":{"line":64,"column":3}},"24":{"start":{"line":48,"column":20},"end":{"line":50,"column":6}},"25":{"start":{"line":52,"column":4},"end":{"line":54,"column":5}},"26":{"start":{"line":53,"column":6},"end":{"line":53,"column":85}},"27":{"start":{"line":56,"column":4},"end":{"line":56,"column":55}},"28":{"start":{"line":58,"column":21},"end":{"line":58,"column":53}},"29":{"start":{"line":60,"column":4},"end":{"line":60,"column":93}},"30":{"start":{"line":63,"column":4},"end":{"line":63,"column":129}},"31":{"start":{"line":68,"column":0},"end":{"line":99,"column":3}},"32":{"start":{"line":69,"column":2},"end":{"line":98,"column":3}},"33":{"start":{"line":70,"column":20},"end":{"line":72,"column":6}},"34":{"start":{"line":74,"column":4},"end":{"line":76,"column":5}},"35":{"start":{"line":75,"column":6},"end":{"line":75,"column":81}},"36":{"start":{"line":78,"column":24},"end":{"line":78,"column":69}},"37":{"start":{"line":79,"column":4},"end":{"line":81,"column":5}},"38":{"start":{"line":80,"column":6},"end":{"line":80,"column":82}},"39":{"start":{"line":83,"column":24},"end":{"line":85,"column":6}},"40":{"start":{"line":87,"column":17},"end":{"line":91,"column":5}},"41":{"start":{"line":94,"column":4},"end":{"line":94,"column":88}},"42":{"start":{"line":97,"column":4},"end":{"line":97,"column":129}},"43":{"start":{"line":102,"column":0},"end":{"line":115,"column":3}},"44":{"start":{"line":103,"column":2},"end":{"line":114,"column":3}},"45":{"start":{"line":104,"column":21},"end":{"line":106,"column":13}},"46":{"start":{"line":109,"column":4},"end":{"line":109,"column":94}},"47":{"start":{"line":112,"column":4},"end":{"line":112,"column":32}},"48":{"start":{"line":113,"column":4},"end":{"line":113,"column":129}},"49":{"start":{"line":118,"column":0},"end":{"line":139,"column":3}},"50":{"start":{"line":119,"column":2},"end":{"line":138,"column":3}},"51":{"start":{"line":120,"column":21},"end":{"line":130,"column":9}},"52":{"start":{"line":133,"column":4},"end":{"line":133,"column":94}},"53":{"start":{"line":136,"column":4},"end":{"line":136,"column":32}},"54":{"start":{"line":137,"column":4},"end":{"line":137,"column":129}},"55":{"start":{"line":141,"column":0},"end":{"line":164,"column":3}},"56":{"start":{"line":142,"column":2},"end":{"line":163,"column":3}},"57":{"start":{"line":144,"column":17},"end":{"line":144,"column":29}},"58":{"start":{"line":145,"column":21},"end":{"line":148,"column":6}},"59":{"start":{"line":150,"column":4},"end":{"line":157,"column":8}},"60":{"start":{"line":159,"column":4},"end":{"line":159,"column":89}},"61":{"start":{"line":162,"column":4},"end":{"line":162,"column":129}},"62":{"start":{"line":166,"column":0},"end":{"line":166,"column":24}}},"fnMap":{"0":{"name":"(anonymous_0)","decl":{"start":{"line":28,"column":59},"end":{"line":28,"column":60}},"loc":{"start":{"line":28,"column":85},"end":{"line":42,"column":1}},"line":28},"1":{"name":"(anonymous_1)","decl":{"start":{"line":45,"column":39},"end":{"line":45,"column":40}},"loc":{"start":{"line":45,"column":65},"end":{"line":65,"column":1}},"line":45},"2":{"name":"(anonymous_2)","decl":{"start":{"line":68,"column":41},"end":{"line":68,"column":42}},"loc":{"start":{"line":68,"column":67},"end":{"line":99,"column":1}},"line":68},"3":{"name":"(anonymous_3)","decl":{"start":{"line":102,"column":29},"end":{"line":102,"column":30}},"loc":{"start":{"line":102,"column":55},"end":{"line":115,"column":1}},"line":102},"4":{"name":"(anonymous_4)","decl":{"start":{"line":118,"column":40},"end":{"line":118,"column":41}},"loc":{"start":{"line":118,"column":66},"end":{"line":139,"column":1}},"line":118},"5":{"name":"(anonymous_5)","decl":{"start":{"line":141,"column":62},"end":{"line":141,"column":63}},"loc":{"start":{"line":141,"column":88},"end":{"line":164,"column":1}},"line":141}},"branchMap":{"0":{"loc":{"start":{"line":31,"column":4},"end":{"line":33,"column":5}},"type":"if","locations":[{"start":{"line":31,"column":4},"end":{"line":33,"column":5}},{"start":{"line":31,"column":4},"end":{"line":33,"column":5}}],"line":31},"1":{"loc":{"start":{"line":52,"column":4},"end":{"line":54,"column":5}},"type":"if","locations":[{"start":{"line":52,"column":4},"end":{"line":54,"column":5}},{"start":{"line":52,"column":4},"end":{"line":54,"column":5}}],"line":52},"2":{"loc":{"start":{"line":74,"column":4},"end":{"line":76,"column":5}},"type":"if","locations":[{"start":{"line":74,"column":4},"end":{"line":76,"column":5}},{"start":{"line":74,"column":4},"end":{"line":76,"column":5}}],"line":74},"3":{"loc":{"start":{"line":79,"column":4},"end":{"line":81,"column":5}},"type":"if","locations":[{"start":{"line":79,"column":4},"end":{"line":81,"column":5}},{"start":{"line":79,"column":4},"end":{"line":81,"column":5}}],"line":79}},"s":{"0":1,"1":1,"2":1,"3":1,"4":1,"5":1,"6":1,"7":1,"8":1,"9":1,"10":1,"11":1,"12":1,"13":1,"14":1,"15":1,"16":0,"17":0,"18":0,"19":0,"20":0,"21":0,"22":1,"23":0,"24":0,"25":0,"26":0,"27":0,"28":0,"29":0,"30":0,"31":1,"32":0,"33":0,"34":0,"35":0,"36":0,"37":0,"38":0,"39":0,"40":0,"41":0,"42":0,"43":1,"44":1,"45":1,"46":1,"47":0,"48":0,"49":1,"50":0,"51":0,"52":0,"53":0,"54":0,"55":1,"56":0,"57":0,"58":0,"59":0,"60":0,"61":0,"62":1},"f":{"0":0,"1":0,"2":0,"3":1,"4":0,"5":0},"b":{"0":[0,0],"1":[0,0],"2":[0,0],"3":[0,0]},"_coverageSchema":"1a1c01bbd47fc00a2c39e90264f33305004495a9","hash":"e158ffbdebff3b9b97170d1df4f06955be2a9063"}
,"/Volumes/Drive/filmytask/filmyapp/routes/index.js": {"path":"/Volumes/Drive/filmytask/filmyapp/routes/index.js","statementMap":{"0":{"start":{"line":1,"column":14},"end":{"line":1,"column":32}},"1":{"start":{"line":2,"column":13},"end":{"line":2,"column":29}},"2":{"start":{"line":5,"column":0},"end":{"line":7,"column":3}},"3":{"start":{"line":6,"column":2},"end":{"line":6,"column":22}},"4":{"start":{"line":33,"column":0},"end":{"line":33,"column":24}}},"fnMap":{"0":{"name":"(anonymous_0)","decl":{"start":{"line":5,"column":16},"end":{"line":5,"column":17}},"loc":{"start":{"line":5,"column":42},"end":{"line":7,"column":1}},"line":5}},"branchMap":{},"s":{"0":1,"1":1,"2":1,"3":0,"4":1},"f":{"0":0},"b":{},"_coverageSchema":"1a1c01bbd47fc00a2c39e90264f33305004495a9","hash":"56912e755fb0b64813e516dfe0160b6402f812da"}
,"/Volumes/Drive/filmytask/filmyapp/utils/authMethods.js": {"path":"/Volumes/Drive/filmytask/filmyapp/utils/authMethods.js","statementMap":{"0":{"start":{"line":1,"column":12},"end":{"line":1,"column":35}},"1":{"start":{"line":5,"column":4},"end":{"line":13,"column":5}},"2":{"start":{"line":6,"column":6},"end":{"line":10,"column":7}},"3":{"start":{"line":12,"column":6},"end":{"line":12,"column":21}},"4":{"start":{"line":17,"column":4},"end":{"line":25,"column":5}},"5":{"start":{"line":18,"column":6},"end":{"line":22,"column":7}},"6":{"start":{"line":24,"column":6},"end":{"line":24,"column":21}},"7":{"start":{"line":29,"column":0},"end":{"line":29,"column":37}}},"fnMap":{"0":{"name":"(anonymous_0)","decl":{"start":{"line":4,"column":2},"end":{"line":4,"column":3}},"loc":{"start":{"line":4,"column":25},"end":{"line":14,"column":3}},"line":4},"1":{"name":"(anonymous_1)","decl":{"start":{"line":16,"column":2},"end":{"line":16,"column":3}},"loc":{"start":{"line":16,"column":39},"end":{"line":26,"column":3}},"line":16}},"branchMap":{},"s":{"0":1,"1":0,"2":0,"3":0,"4":0,"5":0,"6":0,"7":1},"f":{"0":0,"1":0},"b":{},"_coverageSchema":"1a1c01bbd47fc00a2c39e90264f33305004495a9","hash":"b9cddd8394e3a355351b1ba02b19095f7be1ca30"}
,"/Volumes/Drive/filmytask/filmyapp/utils/authenticate.js": {"path":"/Volumes/Drive/filmytask/filmyapp/utils/authenticate.js","statementMap":{"0":{"start":{"line":1,"column":0},"end":{"line":1,"column":27}},"1":{"start":{"line":3,"column":12},"end":{"line":3,"column":35}},"2":{"start":{"line":4,"column":17},"end":{"line":4,"column":50}},"3":{"start":{"line":5,"column":18},"end":{"line":5,"column":43}},"4":{"start":{"line":11,"column":18},"end":{"line":54,"column":3}},"5":{"start":{"line":13,"column":6},"end":{"line":52,"column":7}},"6":{"start":{"line":15,"column":22},"end":{"line":15,"column":76}},"7":{"start":{"line":18,"column":24},"end":{"line":20,"column":10}},"8":{"start":{"line":22,"column":8},"end":{"line":33,"column":9}},"9":{"start":{"line":23,"column":10},"end":{"line":26,"column":11}},"10":{"start":{"line":29,"column":10},"end":{"line":32,"column":11}},"11":{"start":{"line":36,"column":8},"end":{"line":36,"column":32}},"12":{"start":{"line":37,"column":8},"end":{"line":51,"column":11}},"13":{"start":{"line":38,"column":10},"end":{"line":41,"column":11}},"14":{"start":{"line":42,"column":13},"end":{"line":51,"column":11}},"15":{"start":{"line":43,"column":10},"end":{"line":46,"column":11}},"16":{"start":{"line":48,"column":10},"end":{"line":51,"column":11}},"17":{"start":{"line":57,"column":2},"end":{"line":57,"column":32}},"18":{"start":{"line":61,"column":0},"end":{"line":61,"column":32}}},"fnMap":{"0":{"name":"authenticate","decl":{"start":{"line":10,"column":9},"end":{"line":10,"column":21}},"loc":{"start":{"line":10,"column":24},"end":{"line":58,"column":1}},"line":10},"1":{"name":"(anonymous_1)","decl":{"start":{"line":12,"column":17},"end":{"line":12,"column":18}},"loc":{"start":{"line":12,"column":47},"end":{"line":53,"column":5}},"line":12}},"branchMap":{"0":{"loc":{"start":{"line":22,"column":8},"end":{"line":33,"column":9}},"type":"if","locations":[{"start":{"line":22,"column":8},"end":{"line":33,"column":9}},{"start":{"line":22,"column":8},"end":{"line":33,"column":9}}],"line":22},"1":{"loc":{"start":{"line":37,"column":8},"end":{"line":51,"column":11}},"type":"if","locations":[{"start":{"line":37,"column":8},"end":{"line":51,"column":11}},{"start":{"line":37,"column":8},"end":{"line":51,"column":11}}],"line":37},"2":{"loc":{"start":{"line":42,"column":13},"end":{"line":51,"column":11}},"type":"if","locations":[{"start":{"line":42,"column":13},"end":{"line":51,"column":11}},{"start":{"line":42,"column":13},"end":{"line":51,"column":11}}],"line":42}},"s":{"0":1,"1":1,"2":1,"3":1,"4":1,"5":0,"6":0,"7":0,"8":0,"9":0,"10":0,"11":0,"12":0,"13":0,"14":0,"15":0,"16":0,"17":1,"18":1},"f":{"0":1,"1":0},"b":{"0":[0,0],"1":[0,0],"2":[0,0]},"_coverageSchema":"1a1c01bbd47fc00a2c39e90264f33305004495a9","hash":"3686833d60ba7560243b17a420638f06adba8f32"}
,"/Volumes/Drive/filmytask/filmyapp/utils/uploads.js": {"path":"/Volumes/Drive/filmytask/filmyapp/utils/uploads.js","statementMap":{"0":{"start":{"line":1,"column":13},"end":{"line":1,"column":30}},"1":{"start":{"line":2,"column":11},"end":{"line":2,"column":26}},"2":{"start":{"line":5,"column":17},"end":{"line":13,"column":2}},"3":{"start":{"line":7,"column":4},"end":{"line":7,"column":47}},"4":{"start":{"line":10,"column":4},"end":{"line":10,"column":47}},"5":{"start":{"line":11,"column":4},"end":{"line":11,"column":73}},"6":{"start":{"line":15,"column":0},"end":{"line":19,"column":2}}},"fnMap":{"0":{"name":"(anonymous_0)","decl":{"start":{"line":6,"column":15},"end":{"line":6,"column":16}},"loc":{"start":{"line":6,"column":40},"end":{"line":8,"column":3}},"line":6},"1":{"name":"(anonymous_1)","decl":{"start":{"line":9,"column":12},"end":{"line":9,"column":13}},"loc":{"start":{"line":9,"column":37},"end":{"line":12,"column":3}},"line":9}},"branchMap":{},"s":{"0":1,"1":1,"2":1,"3":0,"4":0,"5":0,"6":1},"f":{"0":0,"1":0},"b":{},"_coverageSchema":"1a1c01bbd47fc00a2c39e90264f33305004495a9","hash":"b3803a6a21aeb6be64e293a7bb0ca5cf4c884f61"}
,"/Volumes/Drive/filmytask/filmyapp/validator/api.validator.js": {"path":"/Volumes/Drive/filmytask/filmyapp/validator/api.validator.js","statementMap":{"0":{"start":{"line":1,"column":12},"end":{"line":1,"column":26}},"1":{"start":{"line":2,"column":10},"end":{"line":2,"column":27}},"2":{"start":{"line":3,"column":42},"end":{"line":3,"column":63}},"3":{"start":{"line":4,"column":17},"end":{"line":4,"column":50}},"4":{"start":{"line":7,"column":16},"end":{"line":30,"column":1}},"5":{"start":{"line":32,"column":16},"end":{"line":49,"column":1}},"6":{"start":{"line":51,"column":0},"end":{"line":113,"column":1}},"7":{"start":{"line":55,"column":17},"end":{"line":55,"column":33}},"8":{"start":{"line":56,"column":17},"end":{"line":56,"column":30}},"9":{"start":{"line":59,"column":27},"end":{"line":59,"column":60}},"10":{"start":{"line":60,"column":4},"end":{"line":62,"column":5}},"11":{"start":{"line":61,"column":6},"end":{"line":61,"column":12}},"12":{"start":{"line":63,"column":4},"end":{"line":66,"column":5}},"13":{"start":{"line":65,"column":6},"end":{"line":65,"column":41}},"14":{"start":{"line":70,"column":17},"end":{"line":70,"column":35}},"15":{"start":{"line":71,"column":17},"end":{"line":71,"column":30}},"16":{"start":{"line":74,"column":27},"end":{"line":74,"column":60}},"17":{"start":{"line":75,"column":4},"end":{"line":77,"column":5}},"18":{"start":{"line":76,"column":6},"end":{"line":76,"column":12}},"19":{"start":{"line":78,"column":4},"end":{"line":81,"column":5}},"20":{"start":{"line":80,"column":6},"end":{"line":80,"column":41}},"21":{"start":{"line":85,"column":17},"end":{"line":85,"column":31}},"22":{"start":{"line":86,"column":17},"end":{"line":86,"column":30}},"23":{"start":{"line":89,"column":27},"end":{"line":89,"column":60}},"24":{"start":{"line":90,"column":4},"end":{"line":92,"column":5}},"25":{"start":{"line":91,"column":6},"end":{"line":91,"column":12}},"26":{"start":{"line":93,"column":4},"end":{"line":96,"column":5}},"27":{"start":{"line":95,"column":6},"end":{"line":95,"column":41}},"28":{"start":{"line":100,"column":17},"end":{"line":100,"column":34}},"29":{"start":{"line":101,"column":17},"end":{"line":101,"column":30}},"30":{"start":{"line":104,"column":27},"end":{"line":104,"column":60}},"31":{"start":{"line":105,"column":4},"end":{"line":107,"column":5}},"32":{"start":{"line":106,"column":6},"end":{"line":106,"column":12}},"33":{"start":{"line":108,"column":4},"end":{"line":111,"column":5}},"34":{"start":{"line":110,"column":6},"end":{"line":110,"column":41}}},"fnMap":{"0":{"name":"(anonymous_0)","decl":{"start":{"line":53,"column":12},"end":{"line":53,"column":13}},"loc":{"start":{"line":53,"column":32},"end":{"line":67,"column":3}},"line":53},"1":{"name":"(anonymous_1)","decl":{"start":{"line":68,"column":14},"end":{"line":68,"column":15}},"loc":{"start":{"line":68,"column":34},"end":{"line":82,"column":3}},"line":68},"2":{"name":"(anonymous_2)","decl":{"start":{"line":83,"column":10},"end":{"line":83,"column":11}},"loc":{"start":{"line":83,"column":30},"end":{"line":97,"column":3}},"line":83},"3":{"name":"(anonymous_3)","decl":{"start":{"line":98,"column":13},"end":{"line":98,"column":14}},"loc":{"start":{"line":98,"column":33},"end":{"line":112,"column":3}},"line":98}},"branchMap":{"0":{"loc":{"start":{"line":60,"column":4},"end":{"line":62,"column":5}},"type":"if","locations":[{"start":{"line":60,"column":4},"end":{"line":62,"column":5}},{"start":{"line":60,"column":4},"end":{"line":62,"column":5}}],"line":60},"1":{"loc":{"start":{"line":63,"column":4},"end":{"line":66,"column":5}},"type":"if","locations":[{"start":{"line":63,"column":4},"end":{"line":66,"column":5}},{"start":{"line":63,"column":4},"end":{"line":66,"column":5}}],"line":63},"2":{"loc":{"start":{"line":75,"column":4},"end":{"line":77,"column":5}},"type":"if","locations":[{"start":{"line":75,"column":4},"end":{"line":77,"column":5}},{"start":{"line":75,"column":4},"end":{"line":77,"column":5}}],"line":75},"3":{"loc":{"start":{"line":78,"column":4},"end":{"line":81,"column":5}},"type":"if","locations":[{"start":{"line":78,"column":4},"end":{"line":81,"column":5}},{"start":{"line":78,"column":4},"end":{"line":81,"column":5}}],"line":78},"4":{"loc":{"start":{"line":90,"column":4},"end":{"line":92,"column":5}},"type":"if","locations":[{"start":{"line":90,"column":4},"end":{"line":92,"column":5}},{"start":{"line":90,"column":4},"end":{"line":92,"column":5}}],"line":90},"5":{"loc":{"start":{"line":93,"column":4},"end":{"line":96,"column":5}},"type":"if","locations":[{"start":{"line":93,"column":4},"end":{"line":96,"column":5}},{"start":{"line":93,"column":4},"end":{"line":96,"column":5}}],"line":93},"6":{"loc":{"start":{"line":105,"column":4},"end":{"line":107,"column":5}},"type":"if","locations":[{"start":{"line":105,"column":4},"end":{"line":107,"column":5}},{"start":{"line":105,"column":4},"end":{"line":107,"column":5}}],"line":105},"7":{"loc":{"start":{"line":108,"column":4},"end":{"line":111,"column":5}},"type":"if","locations":[{"start":{"line":108,"column":4},"end":{"line":111,"column":5}},{"start":{"line":108,"column":4},"end":{"line":111,"column":5}}],"line":108}},"s":{"0":1,"1":1,"2":1,"3":1,"4":1,"5":1,"6":1,"7":0,"8":0,"9":0,"10":0,"11":0,"12":0,"13":0,"14":0,"15":0,"16":0,"17":0,"18":0,"19":0,"20":0,"21":0,"22":0,"23":0,"24":0,"25":0,"26":0,"27":0,"28":0,"29":0,"30":0,"31":0,"32":0,"33":0,"34":0},"f":{"0":0,"1":0,"2":0,"3":0},"b":{"0":[0,0],"1":[0,0],"2":[0,0],"3":[0,0],"4":[0,0],"5":[0,0],"6":[0,0],"7":[0,0]},"_coverageSchema":"1a1c01bbd47fc00a2c39e90264f33305004495a9","hash":"e32b472737e99a07bae80705e3d2999c30567166"}
}
